<?xml version="1.0" encoding="UTF-8"?>
<!-- Generated by org.testng.reporters.JUnitReportReporter -->
<testsuite hostname="DESKTOP-I3QBGGF" failures="0" tests="1" name="swaglabs.cartAction" time="0.405" errors="0" timestamp="2023-11-29T18:49:01 EET" skipped="0">
  <testcase classname="swaglabs.cartAction" name="CartTest" time="0.405"/>
  <system-out/>
</testsuite> <!-- swaglabs.cartAction -->
